<?xml version="1.0" encoding="UTF-8" ?>
<testsuite tests="122" failures="0" name="TestSuite" time="0.729" errors="0" skipped="0">
  <properties>
[...]
</properties>
  <testcase classname="pl.tomaszdziurko.guava.collect.BiMapTest" name="shouldAllowToPutExistingValueWithForcePut" time="0.03"/>
  <testcase classname="pl.tomaszdziurko.guava.collect.BiMapTest" name="shouldInverseBiMap" time="0"/>
  <testcase classname="pl.tomaszdziurko.guava.collect.BiMapTest" name="shouldNotAllowToPutExistingValue" time="0"/>
  <testcase classname="pl.tomaszdziurko.guava.base.CaseFormatTest" name="shouldConvertToLowerCamel" time="0.007"/>
  <testcase classname="pl.tomaszdziurko.guava.base.CaseFormatTest" name="shouldConvertToLowerHyphen" time="0"/>
  <testcase classname="pl.tomaszdziurko.guava.base.CaseFormatTest" name="shouldConvertToUpperUnderscore" time="0"/>
  <testcase classname="pl.tomaszdziurko.guava.base.CharMatcherTest" name="shouldCollapseAllDigitsByX" time="0"/>
  <testcase classname="pl.tomaszdziurko.guava.base.CharMatcherTest" name="shouldCountDigits" time="0"/>
  <testcase classname="pl.tomaszdziurko.guava.base.CharMatcherTest" name="shouldMatchAny" time="0.001"/>
  <testcase classname="pl.tomaszdziurko.guava.base.CharMatcherTest" name="shouldMatchBreakingWhitespace" time="0"/>
  <testcase classname="pl.tomaszdziurko.guava.base.CharMatcherTest" name="shouldMatchChar" time="0"/>
  <testcase classname="pl.tomaszdziurko.guava.base.CharMatcherTest" name="shouldMatchDigits" time="0"/>
  <testcase classname="pl.tomaszdziurko.guava.base.CharMatcherTest" name="shouldMatchDigitsWithWhitespace" time="0"/>
  <testcase classname="pl.tomaszdziurko.guava.base.CharMatcherTest" name="shouldNotMatchChar" time="0"/>
  <testcase classname="pl.tomaszdziurko.guava.base.CharMatcherTest" name="shouldRemoveAllExceptDigitsBetween3and6" time="0"/>
  <testcase classname="pl.tomaszdziurko.guava.base.CharMatcherTest" name="shouldRemoveDigitsBetween3and6" time="0"/>
  <testcase classname="pl.tomaszdziurko.guava.base.CharMatcherTest" name="shouldRemoveOnlyEndingDollarsAndKeepOtherUnchanged" time="0"/>
  <testcase classname="pl.tomaszdziurko.guava.base.CharMatcherTest" name="shouldRemoveOnlyStartingDollarsAndKeepOtherUnchanged" time="0"/>
  <testcase classname="pl.tomaszdziurko.guava.base.CharMatcherTest" name="shouldRemoveStartingAndEndingDollarsAndKeepOtherUnchanged" time="0.001"/>
  <testcase classname="pl.tomaszdziurko.guava.base.CharMatcherTest" name="shouldRemoveStartingAndEndingDollarsOrWhitespaceAndKeepOtherUnchanged" time="0"/>
  <testcase classname="pl.tomaszdziurko.guava.base.CharMatcherTest" name="shouldRemoveStartingEndEndingDollarsAndReplaceOthersWithX" time="0"/>
  <testcase classname="pl.tomaszdziurko.guava.base.CharMatcherTest" name="shouldReplaceAllDigitsByX" time="0"/>
  <testcase classname="pl.tomaszdziurko.guava.base.CharMatcherTest" name="shouldRetainDigitsOrWhiteSpaces" time="0"/>
  <testcase classname="pl.tomaszdziurko.guava.base.CharMatcherTest" name="shouldRetainLettersAndDigits" time="0"/>
  <testcase classname="pl.tomaszdziurko.guava.base.CharMatcherTest" name="shouldRetainNothingAsConstrainsAreExcluding" time="0.001"/>
  <testcase classname="pl.tomaszdziurko.guava.base.CharMatcherTest" name="shouldRetainOnlyDigits" time="0"/>
  <testcase classname="pl.tomaszdziurko.guava.base.CharMatcherTest" name="shouldReturnFirstIndexOfFirstWhitespace" time="0"/>
  <testcase classname="pl.tomaszdziurko.guava.base.CharMatcherTest" name="shouldReturnLastIndexOfFirstWhitespace" time="0"/>
  <testcase classname="pl.tomaszdziurko.guava.base.CharsetsTest" name="shouldCreateSupportedInJavaCharset" time="0.001"/>
  <testcase classname="pl.tomaszdziurko.guava.collect.Collections2Test" name="changeListToMultiMap" time="0.03"/>
  <testcase classname="pl.tomaszdziurko.guava.collect.Collections2Test" name="shouldFilterCountriesOnlyFromAfrica" time="0.004"/>
  <testcase classname="pl.tomaszdziurko.guava.collect.Collections2Test" name="shouldShowThatResultIsOnlyAView" time="0.001"/>
  <testcase classname="pl.tomaszdziurko.guava.collect.Collections2Test" name="shouldTransformCollection" time="0.001"/>
  <testcase classname="pl.tomaszdziurko.guava.collect.ConstraintsTest" name="shouldThrowExceptionOnInvalidAdd" time="0.002"/>
  <testcase classname="pl.tomaszdziurko.guava.collect.ConstraintsTest" name="shouldThrowExceptionOnNullAdd" time="0"/>
  <testcase classname="pl.tomaszdziurko.guava.collect.DiscreteDomainTest" name="shouldReturnDistance" time="0.002"/>
  <testcase classname="pl.tomaszdziurko.guava.collect.DiscreteDomainTest" name="shouldReturnMaxAndMinInt" time="0"/>
  <testcase classname="pl.tomaszdziurko.guava.collect.DiscreteDomainTest" name="shouldReturnNextInt" time="0"/>
  <testcase classname="pl.tomaszdziurko.guava.collect.DiscreteDomainTest" name="shouldReturnPreviousInt" time="0"/>
  <testcase classname="pl.tomaszdziurko.guava.eventbus.EventBusTest" name="shouldDetectEventWithoutListeners" time="0.038"/>
  <testcase classname="pl.tomaszdziurko.guava.eventbus.EventBusTest" name="shouldGetEventsFromSubclass" time="0.001"/>
  <testcase classname="pl.tomaszdziurko.guava.eventbus.EventBusTest" name="shouldNotReceiveEventAfterUnsubscribe" time="0.001"/>
  <testcase classname="pl.tomaszdziurko.guava.eventbus.EventBusTest" name="shouldReceiveEvent" time="0.001"/>
  <testcase classname="pl.tomaszdziurko.guava.eventbus.EventBusTest" name="shouldReceiveMultipleEventTypesFromBus" time="0.001"/>
  <testcase classname="pl.tomaszdziurko.guava.eventbus.EventBusTest" name="shouldReceiveMultipleEvents" time="0.001"/>
  <testcase classname="pl.tomaszdziurko.guava.collect.ForwardingListTest" name="shouldAddOppositeNumber" time="0"/>
  <testcase classname="pl.tomaszdziurko.guava.base.FunctionsTest" name="shouldComposeTwoFunctions" time="0.002"/>
  <testcase classname="pl.tomaszdziurko.guava.base.FunctionsTest" name="shouldPrintCountryWithCapitalCityUpperCase" time="0"/>
  <testcase classname="pl.tomaszdziurko.guava.base.FunctionsTest" name="shouldUseForMapFunction" time="0.001"/>
  <testcase classname="pl.tomaszdziurko.guava.base.FunctionsTest" name="shouldUseForMapFunctionWithDefaultValue" time="0.001"/>
  <testcase classname="pl.tomaszdziurko.guava.base.FunctionsTest" name="shouldUseForMapFunctionWithNonExistingKey" time="0"/>
  <testcase classname="pl.tomaszdziurko.guava.collect.ImmutableMapTest" name="shouldUseMapBuilder" time="0.002"/>
  <testcase classname="pl.tomaszdziurko.guava.collect.ImmutableMapTest" name="shouldUseQuickMapCreator" time="0"/>
  <testcase classname="pl.tomaszdziurko.guava.math.IntMathTest" name="shouldCalculateFactorial" time="0.001"/>
  <testcase classname="pl.tomaszdziurko.guava.math.IntMathTest" name="shouldCalculateGreatestCommonDivisor" time="0"/>
  <testcase classname="pl.tomaszdziurko.guava.math.IntMathTest" name="shouldCalculateLogarithms" time="0"/>
  <testcase classname="pl.tomaszdziurko.guava.math.IntMathTest" name="shouldDivideWithRoundingMode" time="0.001"/>
  <testcase classname="pl.tomaszdziurko.guava.math.IntMathTest" name="shouldThrowExceptionWhenOverflow" time="0"/>
  <testcase classname="pl.tomaszdziurko.guava.collect.IterablesTest" name="shouldCheckIfAtLeastOneElementIsEmptyOrNull" time="0.001"/>
  <testcase classname="pl.tomaszdziurko.guava.collect.IterablesTest" name="shouldCheckLengthOfAllElements" time="0"/>
  <testcase classname="pl.tomaszdziurko.guava.collect.IterablesTest" name="shouldConcat" time="0.001"/>
  <testcase classname="pl.tomaszdziurko.guava.collect.IterablesTest" name="shouldConvertToArray" time="0.001"/>
  <testcase classname="pl.tomaszdziurko.guava.collect.IterablesTest" name="shouldCountElementsInIterable" time="0"/>
  <testcase classname="pl.tomaszdziurko.guava.collect.IterablesTest" name="shouldCycleOverIterable" time="0.001"/>
  <testcase classname="pl.tomaszdziurko.guava.collect.IterablesTest" name="shouldFilterOnlyLongs" time="0.002"/>
  <testcase classname="pl.tomaszdziurko.guava.collect.IterablesTest" name="shouldFilterOutSomeNumbers" time="0"/>
  <testcase classname="pl.tomaszdziurko.guava.collect.IterablesTest" name="shouldGetFirstAndLast" time="0"/>
  <testcase classname="pl.tomaszdziurko.guava.collect.IterablesTest" name="shouldPartition" time="0.001"/>
  <testcase classname="pl.tomaszdziurko.guava.collect.IterablesTest" name="shouldRemoveNegativeNumbers" time="0.001"/>
  <testcase classname="pl.tomaszdziurko.guava.collect.IterablesTest" name="shouldReturnSelectedElementWithDefValue" time="0.001"/>
  <testcase classname="pl.tomaszdziurko.guava.base.JoinerTest" name="shouldJoinMap" time="0"/>
  <testcase classname="pl.tomaszdziurko.guava.base.JoinerTest" name="shouldJoinWithCommas" time="0"/>
  <testcase classname="pl.tomaszdziurko.guava.base.JoinerTest" name="shouldJoinWithCommasAndOmitNulls" time="0.001"/>
  <testcase classname="pl.tomaszdziurko.guava.base.JoinerTest" name="shouldJoinWithCommasAndReplaceNullsWithWordNothing" time="0"/>
  <testcase classname="pl.tomaszdziurko.guava.base.JoinerTest" name="shouldThrowNullPointerException" time="0"/>
  <testcase classname="pl.tomaszdziurko.guava.collect.MultimapTest" name="multiKeyTest" time="0"/>
  <testcase classname="pl.tomaszdziurko.guava.collect.MultimapTest" name="partitionTest" time="0.003"/>
  <testcase classname="pl.tomaszdziurko.guava.collect.MultimapTest" name="shouldTestHowMultimapWorks" time="0.008"/>
  <testcase classname="pl.tomaszdziurko.guava.collect.MultisetTest" name="shouldAddElementTwoTimes" time="0.002"/>
  <testcase classname="pl.tomaszdziurko.guava.collect.MultisetTest" name="shouldRetainOnlySelectedKeys" time="0.001"/>
  <testcase classname="pl.tomaszdziurko.guava.collect.MultisetTest" name="shouldUserCustomAddRemoveAndSetCount" time="0"/>
  <testcase classname="pl.tomaszdziurko.guava.collect.ObjectArraysTest" name="shouldAppendElement" time="0.001"/>
  <testcase classname="pl.tomaszdziurko.guava.collect.ObjectArraysTest" name="shouldContactTwoArrays" time="0"/>
  <testcase classname="pl.tomaszdziurko.guava.collect.ObjectArraysTest" name="shouldPrependElement" time="0"/>
  <testcase classname="pl.tomaszdziurko.guava.base.ObjectsTest" name="shouldRenderNameAsDisplayableName" time="0"/>
  <testcase classname="pl.tomaszdziurko.guava.base.ObjectsTest" name="shouldShowHowToStringMethodWorks" time="0.001"/>
  <testcase classname="pl.tomaszdziurko.guava.base.ObjectsTest" name="shouldTestEquals" time="0"/>
  <testcase classname="pl.tomaszdziurko.guava.base.ObjectsTest" name="shouldTestHashcode" time="0.001"/>
  <testcase classname="pl.tomaszdziurko.guava.collect.OrderingTest" name="testOrdering" time="0.002"/>
  <testcase classname="pl.tomaszdziurko.guava.base.PreconditionsTest" name="shouldNotAcceptNotFullFootballTeam" time="0"/>
  <testcase classname="pl.tomaszdziurko.guava.base.PreconditionsTest" name="shouldNotAcceptNullFootballTeam" time="0"/>
  <testcase classname="pl.tomaszdziurko.guava.base.PreconditionsTest" name="shouldThrowIllegalState" time="0.001"/>
  <testcase classname="pl.tomaszdziurko.guava.base.PredicateTest" name="shouldCheckPattern" time="0"/>
  <testcase classname="pl.tomaszdziurko.guava.base.PredicateTest" name="shouldComposeTwoPredicates" time="0"/>
  <testcase classname="pl.tomaszdziurko.guava.base.PredicateTest" name="shouldFindObjectInCollection" time="0"/>
  <testcase classname="pl.tomaszdziurko.guava.base.PredicateTest" name="shouldUseCustomPredicate" time="0.002"/>
  <testcase classname="pl.tomaszdziurko.guava.primitives.PrimitivesTest" name="shouldConcatArrays" time="0"/>
  <testcase classname="pl.tomaszdziurko.guava.primitives.PrimitivesTest" name="shouldFindGivenNumberInArray" time="0"/>
  <testcase classname="pl.tomaszdziurko.guava.primitives.PrimitivesTest" name="shouldFindIndexOfGivenNumber" time="0"/>
  <testcase classname="pl.tomaszdziurko.guava.primitives.PrimitivesTest" name="shouldFindMaxAndMinInArray" time="0"/>
  <testcase classname="pl.tomaszdziurko.guava.primitives.PrimitivesTest" name="shouldJoinArrayUsingSeparator" time="0"/>
  <testcase classname="pl.tomaszdziurko.guava.collect.RangesTest" name="shouldCheckThatAllElementAreInRange" time="0.004"/>
  <testcase classname="pl.tomaszdziurko.guava.collect.RangesTest" name="shouldCheckThatElementIsInRange" time="0"/>
  <testcase classname="pl.tomaszdziurko.guava.collect.RangesTest" name="shouldCheckThatRangeIsEnclosedInAnotherOne" time="0"/>
  <testcase classname="pl.tomaszdziurko.guava.collect.RangesTest" name="shouldCreateRangeForGivenNumbers" time="0"/>
  <testcase classname="pl.tomaszdziurko.guava.collect.RangesTest" name="shouldGenerateSetOfElementsInRange" time="0.004"/>
  <testcase classname="pl.tomaszdziurko.guava.base.SplitterTest" name="shouldSplitAndOmitEmptyElementsAndWhitespaces" time="0.002"/>
  <testcase classname="pl.tomaszdziurko.guava.base.SplitterTest" name="shouldSplitForEqualLength" time="0.001"/>
  <testcase classname="pl.tomaszdziurko.guava.base.SplitterTest" name="shouldSplitOnRegExp" time="0.001"/>
  <testcase classname="pl.tomaszdziurko.guava.base.SplitterTest" name="shouldSplitOnSemicolons" time="0"/>
  <testcase classname="pl.tomaszdziurko.guava.base.SplitterTest" name="shouldSplitUsingCharMatcher" time="0.001"/>
  <testcase classname="pl.tomaszdziurko.guava.base.StopwatchTest" name="shouldCalculateIterationsTime" time="0.073"/>
  <testcase classname="pl.tomaszdziurko.guava.base.StopwatchTest" name="shouldPrintIterationsTime" time="0.011"/>
  <testcase classname="pl.tomaszdziurko.guava.base.StringsTest" name="shouldConvertEmptyToNull" time="0"/>
  <testcase classname="pl.tomaszdziurko.guava.base.StringsTest" name="shouldConvertNullToEmpty" time="0"/>
  <testcase classname="pl.tomaszdziurko.guava.base.StringsTest" name="shouldPadEnd" time="0"/>
  <testcase classname="pl.tomaszdziurko.guava.base.StringsTest" name="shouldPadStart" time="0"/>
  <testcase classname="pl.tomaszdziurko.guava.base.StringsTest" name="shouldRepeatGivenString" time="0.001"/>
  <testcase classname="pl.tomaszdziurko.guava.base.StringsTest" name="shouldReturnTrueOnNullString" time="0"/>
  <testcase classname="pl.tomaszdziurko.guava.base.ThrowablesTest" name="shouldExtractInnermostException" time="0.001"/>
  <testcase classname="pl.tomaszdziurko.guava.base.ThrowablesTest" name="shouldGetStackTrace" time="0.001"/>
  <testcase classname="pl.tomaszdziurko.guava.base.ThrowablesTest" name="shouldListAllExceptionsChain" time="0.012"/>
</testsuite>