<?xml version="1.0" encoding="UTF-8"?>
<!-- Generated by org.testng.reporters.JUnitXMLReporter -->
<testsuite hostname="zach-MacBook-Pro.local" name="Command line test" tests="122" failures="0" timestamp="30 May 2017 13:41:20 GMT" time="0.309" errors="0">
  <testcase name="shouldAllowToPutExistingValueWithForcePut" time="0.031" classname="pl.tomaszdziurko.guava.collect.BiMapTest"/>
  <testcase name="shouldInverseBiMap" time="0.001" classname="pl.tomaszdziurko.guava.collect.BiMapTest"/>
  <testcase name="shouldNotAllowToPutExistingValue" time="0.0" classname="pl.tomaszdziurko.guava.collect.BiMapTest"/>
  <testcase name="shouldConvertToLowerCamel" time="0.009" classname="pl.tomaszdziurko.guava.base.CaseFormatTest"/>
  <testcase name="shouldConvertToLowerHyphen" time="0.001" classname="pl.tomaszdziurko.guava.base.CaseFormatTest"/>
  <testcase name="shouldConvertToUpperUnderscore" time="0.0" classname="pl.tomaszdziurko.guava.base.CaseFormatTest"/>
  <testcase name="shouldCollapseAllDigitsByX" time="0.0" classname="pl.tomaszdziurko.guava.base.CharMatcherTest"/>
  <testcase name="shouldCountDigits" time="0.001" classname="pl.tomaszdziurko.guava.base.CharMatcherTest"/>
  <testcase name="shouldMatchAny" time="0.001" classname="pl.tomaszdziurko.guava.base.CharMatcherTest"/>
  <testcase name="shouldMatchBreakingWhitespace" time="0.0" classname="pl.tomaszdziurko.guava.base.CharMatcherTest"/>
  <testcase name="shouldMatchChar" time="0.001" classname="pl.tomaszdziurko.guava.base.CharMatcherTest"/>
  <testcase name="shouldMatchDigits" time="0.001" classname="pl.tomaszdziurko.guava.base.CharMatcherTest"/>
  <testcase name="shouldMatchDigitsWithWhitespace" time="0.0" classname="pl.tomaszdziurko.guava.base.CharMatcherTest"/>
  <testcase name="shouldNotMatchChar" time="0.001" classname="pl.tomaszdziurko.guava.base.CharMatcherTest"/>
  <testcase name="shouldRemoveAllExceptDigitsBetween3and6" time="0.0" classname="pl.tomaszdziurko.guava.base.CharMatcherTest"/>
  <testcase name="shouldRemoveDigitsBetween3and6" time="0.001" classname="pl.tomaszdziurko.guava.base.CharMatcherTest"/>
  <testcase name="shouldRemoveOnlyEndingDollarsAndKeepOtherUnchanged" time="0.0" classname="pl.tomaszdziurko.guava.base.CharMatcherTest"/>
  <testcase name="shouldRemoveOnlyStartingDollarsAndKeepOtherUnchanged" time="0.0" classname="pl.tomaszdziurko.guava.base.CharMatcherTest"/>
  <testcase name="shouldRemoveStartingAndEndingDollarsAndKeepOtherUnchanged" time="0.0" classname="pl.tomaszdziurko.guava.base.CharMatcherTest"/>
  <testcase name="shouldRemoveStartingAndEndingDollarsOrWhitespaceAndKeepOtherUnchanged" time="0.0" classname="pl.tomaszdziurko.guava.base.CharMatcherTest"/>
  <testcase name="shouldRemoveStartingEndEndingDollarsAndReplaceOthersWithX" time="0.0" classname="pl.tomaszdziurko.guava.base.CharMatcherTest"/>
  <testcase name="shouldReplaceAllDigitsByX" time="0.0" classname="pl.tomaszdziurko.guava.base.CharMatcherTest"/>
  <testcase name="shouldRetainDigitsOrWhiteSpaces" time="0.001" classname="pl.tomaszdziurko.guava.base.CharMatcherTest"/>
  <testcase name="shouldRetainLettersAndDigits" time="0.0" classname="pl.tomaszdziurko.guava.base.CharMatcherTest"/>
  <testcase name="shouldRetainNothingAsConstrainsAreExcluding" time="0.0" classname="pl.tomaszdziurko.guava.base.CharMatcherTest"/>
  <testcase name="shouldRetainOnlyDigits" time="0.0" classname="pl.tomaszdziurko.guava.base.CharMatcherTest"/>
  <testcase name="shouldReturnFirstIndexOfFirstWhitespace" time="0.0" classname="pl.tomaszdziurko.guava.base.CharMatcherTest"/>
  <testcase name="shouldReturnLastIndexOfFirstWhitespace" time="0.0" classname="pl.tomaszdziurko.guava.base.CharMatcherTest"/>
  <testcase name="shouldCreateSupportedInJavaCharset" time="0.001" classname="pl.tomaszdziurko.guava.base.CharsetsTest"/>
  <testcase name="changeListToMultiMap" time="0.03" classname="pl.tomaszdziurko.guava.collect.Collections2Test"/>
  <testcase name="shouldFilterCountriesOnlyFromAfrica" time="0.004" classname="pl.tomaszdziurko.guava.collect.Collections2Test"/>
  <testcase name="shouldShowThatResultIsOnlyAView" time="0.001" classname="pl.tomaszdziurko.guava.collect.Collections2Test"/>
  <testcase name="shouldTransformCollection" time="0.001" classname="pl.tomaszdziurko.guava.collect.Collections2Test"/>
  <testcase name="shouldThrowExceptionOnInvalidAdd" time="0.002" classname="pl.tomaszdziurko.guava.collect.ConstraintsTest"/>
  <testcase name="shouldThrowExceptionOnNullAdd" time="0.0" classname="pl.tomaszdziurko.guava.collect.ConstraintsTest"/>
  <testcase name="shouldReturnDistance" time="0.002" classname="pl.tomaszdziurko.guava.collect.DiscreteDomainTest"/>
  <testcase name="shouldReturnMaxAndMinInt" time="0.0" classname="pl.tomaszdziurko.guava.collect.DiscreteDomainTest"/>
  <testcase name="shouldReturnNextInt" time="0.0" classname="pl.tomaszdziurko.guava.collect.DiscreteDomainTest"/>
  <testcase name="shouldReturnPreviousInt" time="0.0" classname="pl.tomaszdziurko.guava.collect.DiscreteDomainTest"/>
  <testcase name="shouldDetectEventWithoutListeners" time="0.037" classname="pl.tomaszdziurko.guava.eventbus.EventBusTest"/>
  <testcase name="shouldGetEventsFromSubclass" time="0.001" classname="pl.tomaszdziurko.guava.eventbus.EventBusTest"/>
  <testcase name="shouldNotReceiveEventAfterUnsubscribe" time="0.001" classname="pl.tomaszdziurko.guava.eventbus.EventBusTest"/>
  <testcase name="shouldReceiveEvent" time="0.0" classname="pl.tomaszdziurko.guava.eventbus.EventBusTest"/>
  <testcase name="shouldReceiveMultipleEventTypesFromBus" time="0.001" classname="pl.tomaszdziurko.guava.eventbus.EventBusTest"/>
  <testcase name="shouldReceiveMultipleEvents" time="0.001" classname="pl.tomaszdziurko.guava.eventbus.EventBusTest"/>
  <testcase name="shouldAddOppositeNumber" time="0.0" classname="pl.tomaszdziurko.guava.collect.ForwardingListTest"/>
  <testcase name="shouldComposeTwoFunctions" time="0.002" classname="pl.tomaszdziurko.guava.base.FunctionsTest"/>
  <testcase name="shouldPrintCountryWithCapitalCityUpperCase" time="0.0" classname="pl.tomaszdziurko.guava.base.FunctionsTest"/>
  <testcase name="shouldUseForMapFunction" time="0.001" classname="pl.tomaszdziurko.guava.base.FunctionsTest"/>
  <testcase name="shouldUseForMapFunctionWithDefaultValue" time="0.0" classname="pl.tomaszdziurko.guava.base.FunctionsTest"/>
  <testcase name="shouldUseForMapFunctionWithNonExistingKey" time="0.0" classname="pl.tomaszdziurko.guava.base.FunctionsTest"/>
  <testcase name="shouldUseMapBuilder" time="0.002" classname="pl.tomaszdziurko.guava.collect.ImmutableMapTest"/>
  <testcase name="shouldUseQuickMapCreator" time="0.0" classname="pl.tomaszdziurko.guava.collect.ImmutableMapTest"/>
  <testcase name="shouldCalculateFactorial" time="0.001" classname="pl.tomaszdziurko.guava.math.IntMathTest"/>
  <testcase name="shouldCalculateGreatestCommonDivisor" time="0.0" classname="pl.tomaszdziurko.guava.math.IntMathTest"/>
  <testcase name="shouldCalculateLogarithms" time="0.0" classname="pl.tomaszdziurko.guava.math.IntMathTest"/>
  <testcase name="shouldDivideWithRoundingMode" time="0.0" classname="pl.tomaszdziurko.guava.math.IntMathTest"/>
  <testcase name="shouldThrowExceptionWhenOverflow" time="0.0" classname="pl.tomaszdziurko.guava.math.IntMathTest"/>
  <testcase name="shouldCheckIfAtLeastOneElementIsEmptyOrNull" time="0.0" classname="pl.tomaszdziurko.guava.collect.IterablesTest"/>
  <testcase name="shouldCheckLengthOfAllElements" time="0.0" classname="pl.tomaszdziurko.guava.collect.IterablesTest"/>
  <testcase name="shouldConcat" time="0.001" classname="pl.tomaszdziurko.guava.collect.IterablesTest"/>
  <testcase name="shouldConvertToArray" time="0.001" classname="pl.tomaszdziurko.guava.collect.IterablesTest"/>
  <testcase name="shouldCountElementsInIterable" time="0.0" classname="pl.tomaszdziurko.guava.collect.IterablesTest"/>
  <testcase name="shouldCycleOverIterable" time="0.001" classname="pl.tomaszdziurko.guava.collect.IterablesTest"/>
  <testcase name="shouldFilterOnlyLongs" time="0.001" classname="pl.tomaszdziurko.guava.collect.IterablesTest"/>
  <testcase name="shouldFilterOutSomeNumbers" time="0.0" classname="pl.tomaszdziurko.guava.collect.IterablesTest"/>
  <testcase name="shouldGetFirstAndLast" time="0.0" classname="pl.tomaszdziurko.guava.collect.IterablesTest"/>
  <testcase name="shouldPartition" time="0.001" classname="pl.tomaszdziurko.guava.collect.IterablesTest"/>
  <testcase name="shouldRemoveNegativeNumbers" time="0.001" classname="pl.tomaszdziurko.guava.collect.IterablesTest"/>
  <testcase name="shouldReturnSelectedElementWithDefValue" time="0.001" classname="pl.tomaszdziurko.guava.collect.IterablesTest"/>
  <testcase name="shouldJoinMap" time="0.0" classname="pl.tomaszdziurko.guava.base.JoinerTest"/>
  <testcase name="shouldJoinWithCommas" time="0.0" classname="pl.tomaszdziurko.guava.base.JoinerTest"/>
  <testcase name="shouldJoinWithCommasAndOmitNulls" time="0.001" classname="pl.tomaszdziurko.guava.base.JoinerTest"/>
  <testcase name="shouldJoinWithCommasAndReplaceNullsWithWordNothing" time="0.0" classname="pl.tomaszdziurko.guava.base.JoinerTest"/>
  <testcase name="shouldThrowNullPointerException" time="0.0" classname="pl.tomaszdziurko.guava.base.JoinerTest"/>
  <testcase name="multiKeyTest" time="0.0" classname="pl.tomaszdziurko.guava.collect.MultimapTest"/>
  <testcase name="partitionTest" time="0.003" classname="pl.tomaszdziurko.guava.collect.MultimapTest"/>
  <testcase name="shouldTestHowMultimapWorks" time="0.008" classname="pl.tomaszdziurko.guava.collect.MultimapTest"/>
  <testcase name="shouldAddElementTwoTimes" time="0.002" classname="pl.tomaszdziurko.guava.collect.MultisetTest"/>
  <testcase name="shouldRetainOnlySelectedKeys" time="0.001" classname="pl.tomaszdziurko.guava.collect.MultisetTest"/>
  <testcase name="shouldUserCustomAddRemoveAndSetCount" time="0.0" classname="pl.tomaszdziurko.guava.collect.MultisetTest"/>
  <testcase name="shouldAppendElement" time="0.001" classname="pl.tomaszdziurko.guava.collect.ObjectArraysTest"/>
  <testcase name="shouldContactTwoArrays" time="0.0" classname="pl.tomaszdziurko.guava.collect.ObjectArraysTest"/>
  <testcase name="shouldPrependElement" time="0.0" classname="pl.tomaszdziurko.guava.collect.ObjectArraysTest"/>
  <testcase name="shouldRenderNameAsDisplayableName" time="0.0" classname="pl.tomaszdziurko.guava.base.ObjectsTest"/>
  <testcase name="shouldShowHowToStringMethodWorks" time="0.001" classname="pl.tomaszdziurko.guava.base.ObjectsTest"/>
  <testcase name="shouldTestEquals" time="0.0" classname="pl.tomaszdziurko.guava.base.ObjectsTest"/>
  <testcase name="shouldTestHashcode" time="0.0" classname="pl.tomaszdziurko.guava.base.ObjectsTest"/>
  <testcase name="testOrdering" time="0.002" classname="pl.tomaszdziurko.guava.collect.OrderingTest"/>
  <testcase name="shouldNotAcceptNotFullFootballTeam" time="0.001" classname="pl.tomaszdziurko.guava.base.PreconditionsTest"/>
  <testcase name="shouldNotAcceptNullFootballTeam" time="0.0" classname="pl.tomaszdziurko.guava.base.PreconditionsTest"/>
  <testcase name="shouldThrowIllegalState" time="0.001" classname="pl.tomaszdziurko.guava.base.PreconditionsTest"/>
  <testcase name="shouldCheckPattern" time="0.0" classname="pl.tomaszdziurko.guava.base.PredicateTest"/>
  <testcase name="shouldComposeTwoPredicates" time="0.001" classname="pl.tomaszdziurko.guava.base.PredicateTest"/>
  <testcase name="shouldFindObjectInCollection" time="0.001" classname="pl.tomaszdziurko.guava.base.PredicateTest"/>
  <testcase name="shouldUseCustomPredicate" time="0.002" classname="pl.tomaszdziurko.guava.base.PredicateTest"/>
  <testcase name="shouldConcatArrays" time="0.0" classname="pl.tomaszdziurko.guava.primitives.PrimitivesTest"/>
  <testcase name="shouldFindGivenNumberInArray" time="0.0" classname="pl.tomaszdziurko.guava.primitives.PrimitivesTest"/>
  <testcase name="shouldFindIndexOfGivenNumber" time="0.0" classname="pl.tomaszdziurko.guava.primitives.PrimitivesTest"/>
  <testcase name="shouldFindMaxAndMinInArray" time="0.0" classname="pl.tomaszdziurko.guava.primitives.PrimitivesTest"/>
  <testcase name="shouldJoinArrayUsingSeparator" time="0.001" classname="pl.tomaszdziurko.guava.primitives.PrimitivesTest"/>
  <testcase name="shouldCheckThatAllElementAreInRange" time="0.004" classname="pl.tomaszdziurko.guava.collect.RangesTest"/>
  <testcase name="shouldCheckThatElementIsInRange" time="0.0" classname="pl.tomaszdziurko.guava.collect.RangesTest"/>
  <testcase name="shouldCheckThatRangeIsEnclosedInAnotherOne" time="0.001" classname="pl.tomaszdziurko.guava.collect.RangesTest"/>
  <testcase name="shouldCreateRangeForGivenNumbers" time="0.0" classname="pl.tomaszdziurko.guava.collect.RangesTest"/>
  <testcase name="shouldGenerateSetOfElementsInRange" time="0.004" classname="pl.tomaszdziurko.guava.collect.RangesTest"/>
  <testcase name="shouldSplitAndOmitEmptyElementsAndWhitespaces" time="0.002" classname="pl.tomaszdziurko.guava.base.SplitterTest"/>
  <testcase name="shouldSplitForEqualLength" time="0.001" classname="pl.tomaszdziurko.guava.base.SplitterTest"/>
  <testcase name="shouldSplitOnRegExp" time="0.001" classname="pl.tomaszdziurko.guava.base.SplitterTest"/>
  <testcase name="shouldSplitOnSemicolons" time="0.0" classname="pl.tomaszdziurko.guava.base.SplitterTest"/>
  <testcase name="shouldSplitUsingCharMatcher" time="0.001" classname="pl.tomaszdziurko.guava.base.SplitterTest"/>
  <testcase name="shouldCalculateIterationsTime" time="0.073" classname="pl.tomaszdziurko.guava.base.StopwatchTest"/>
  <testcase name="shouldPrintIterationsTime" time="0.01" classname="pl.tomaszdziurko.guava.base.StopwatchTest"/>
  <testcase name="shouldConvertEmptyToNull" time="0.0" classname="pl.tomaszdziurko.guava.base.StringsTest"/>
  <testcase name="shouldConvertNullToEmpty" time="0.0" classname="pl.tomaszdziurko.guava.base.StringsTest"/>
  <testcase name="shouldPadEnd" time="0.0" classname="pl.tomaszdziurko.guava.base.StringsTest"/>
  <testcase name="shouldPadStart" time="0.0" classname="pl.tomaszdziurko.guava.base.StringsTest"/>
  <testcase name="shouldRepeatGivenString" time="0.0" classname="pl.tomaszdziurko.guava.base.StringsTest"/>
  <testcase name="shouldReturnTrueOnNullString" time="0.0" classname="pl.tomaszdziurko.guava.base.StringsTest"/>
  <testcase name="shouldExtractInnermostException" time="0.001" classname="pl.tomaszdziurko.guava.base.ThrowablesTest"/>
  <testcase name="shouldGetStackTrace" time="0.001" classname="pl.tomaszdziurko.guava.base.ThrowablesTest"/>
  <testcase name="shouldListAllExceptionsChain" time="0.011" classname="pl.tomaszdziurko.guava.base.ThrowablesTest"/>
</testsuite> <!-- Command line test -->
